<?xml version="1.0" encoding="UTF-8"?>
<testsuite name="tests.AddNewContactTests" tests="1" skipped="0" failures="0" errors="0" timestamp="2022-07-13T18:02:56" hostname="MBP-Taya.lan" time="3.079">
  <properties/>
  <testcase name="addNewContactSuccess" classname="tests.AddNewContactTests" time="3.079"/>
  <system-out><![CDATA[21:02:49.986  INFO  tests.TestBase - Start method with name -->addNewContactSuccess
21:02:55.999  INFO  tests.TestBase - user
21:02:56.072  INFO  tests.TestBase - Contact is  -->Contact(name=Dolly1622, lastname=Wok, phone=1231231622, email=wook@mail.com, address=TelAviv, description=The best friend)
21:02:58.969  INFO  tests.TestBase - Check name - Dolly1622
21:02:59.079  INFO  tests.TestBase - Check phone -1231231622
]]></system-out>
  <system-err><![CDATA[]]></system-err>
</testsuite>
