<?xml version="1.0" encoding="UTF-8"?>
<testsuite name="tests.RemoveContactTests" tests="1" skipped="0" failures="0" errors="0" timestamp="2022-07-13T15:45:18" hostname="MBP-Taya.lan" time="1.668">
  <properties/>
  <testcase name="removeOneContactSuccess" classname="tests.RemoveContactTests" time="1.668"/>
  <system-out><![CDATA[5
4
]]></system-out>
  <system-err><![CDATA[]]></system-err>
</testsuite>
