<?xml version="1.0" encoding="UTF-8"?>
<testsuite name="tests.RemoveContactTests" tests="2" skipped="0" failures="0" errors="0" timestamp="2022-07-13T16:26:14" hostname="MBP-Taya.lan" time="18.311">
  <properties/>
  <testcase name="removeAllContactsSuccess" classname="tests.RemoveContactTests" time="7.395"/>
  <testcase name="removeOneContactSuccess" classname="tests.RemoveContactTests" time="0.915"/>
  <system-out><![CDATA[3
2
]]></system-out>
  <system-err><![CDATA[]]></system-err>
</testsuite>
