<?xml version="1.0" encoding="UTF-8"?>
<testsuite name="tests.LoginTests" tests="2" skipped="0" failures="0" errors="0" timestamp="2022-06-26T17:52:51" hostname="MBP-Taya.lan" time="2.33">
  <properties/>
  <testcase name="loginASuccess" classname="tests.LoginTests" time="0.948"/>
  <testcase name="loginNegativeTestsWrongEmail" classname="tests.LoginTests" time="0.742"/>
  <system-out><![CDATA[]]></system-out>
  <system-err><![CDATA[]]></system-err>
</testsuite>
